Started GET "/" for 127.0.0.1 at 2016-06-19 23:55:27 -0700
Processing by Rails::WelcomeController#index as HTML
  Parameters: {"internal"=>true}
  Rendering /home/cikai/.rvm/gems/ruby-2.3.0/gems/railties-5.0.0.rc1/lib/rails/templates/rails/welcome/index.html.erb
  Rendered /home/cikai/.rvm/gems/ruby-2.3.0/gems/railties-5.0.0.rc1/lib/rails/templates/rails/welcome/index.html.erb (13.1ms)
Completed 200 OK in 68ms (Views: 22.3ms | ActiveRecord: 0.0ms)


Started GET "/" for 127.0.0.1 at 2016-06-20 00:02:13 -0700
Processing by Rails::WelcomeController#index as HTML
  Parameters: {"internal"=>true}
  Rendering /home/cikai/.rvm/gems/ruby-2.3.0/gems/railties-5.0.0.rc1/lib/rails/templates/rails/welcome/index.html.erb
  Rendered /home/cikai/.rvm/gems/ruby-2.3.0/gems/railties-5.0.0.rc1/lib/rails/templates/rails/welcome/index.html.erb (9.4ms)
Completed 200 OK in 26ms (Views: 23.2ms | ActiveRecord: 0.0ms)


Started GET "/" for 127.0.0.1 at 2016-06-20 00:02:14 -0700
Processing by Rails::WelcomeController#index as HTML
  Parameters: {"internal"=>true}
  Rendering /home/cikai/.rvm/gems/ruby-2.3.0/gems/railties-5.0.0.rc1/lib/rails/templates/rails/welcome/index.html.erb
  Rendered /home/cikai/.rvm/gems/ruby-2.3.0/gems/railties-5.0.0.rc1/lib/rails/templates/rails/welcome/index.html.erb (4.1ms)
Completed 200 OK in 13ms (Views: 11.7ms | ActiveRecord: 0.0ms)


Started GET "/" for 127.0.0.1 at 2016-06-20 00:02:15 -0700
Processing by Rails::WelcomeController#index as HTML
  Parameters: {"internal"=>true}
  Rendering /home/cikai/.rvm/gems/ruby-2.3.0/gems/railties-5.0.0.rc1/lib/rails/templates/rails/welcome/index.html.erb
  Rendered /home/cikai/.rvm/gems/ruby-2.3.0/gems/railties-5.0.0.rc1/lib/rails/templates/rails/welcome/index.html.erb (18.6ms)
Completed 200 OK in 27ms (Views: 25.0ms | ActiveRecord: 0.0ms)


Started GET "/" for 127.0.0.1 at 2016-06-20 00:02:15 -0700
Processing by Rails::WelcomeController#index as HTML
  Parameters: {"internal"=>true}
  Rendering /home/cikai/.rvm/gems/ruby-2.3.0/gems/railties-5.0.0.rc1/lib/rails/templates/rails/welcome/index.html.erb
  Rendered /home/cikai/.rvm/gems/ruby-2.3.0/gems/railties-5.0.0.rc1/lib/rails/templates/rails/welcome/index.html.erb (11.2ms)
Completed 200 OK in 18ms (Views: 16.9ms | ActiveRecord: 0.0ms)


Started GET "/" for 127.0.0.1 at 2016-06-20 00:02:15 -0700
Processing by Rails::WelcomeController#index as HTML
  Parameters: {"internal"=>true}
  Rendering /home/cikai/.rvm/gems/ruby-2.3.0/gems/railties-5.0.0.rc1/lib/rails/templates/rails/welcome/index.html.erb
  Rendered /home/cikai/.rvm/gems/ruby-2.3.0/gems/railties-5.0.0.rc1/lib/rails/templates/rails/welcome/index.html.erb (11.1ms)
Completed 200 OK in 14ms (Views: 12.6ms | ActiveRecord: 0.0ms)


Started GET "/" for 127.0.0.1 at 2016-06-20 00:02:15 -0700
Processing by Rails::WelcomeController#index as HTML
  Parameters: {"internal"=>true}
  Rendering /home/cikai/.rvm/gems/ruby-2.3.0/gems/railties-5.0.0.rc1/lib/rails/templates/rails/welcome/index.html.erb
  Rendered /home/cikai/.rvm/gems/ruby-2.3.0/gems/railties-5.0.0.rc1/lib/rails/templates/rails/welcome/index.html.erb (9.1ms)
Completed 200 OK in 11ms (Views: 10.0ms | ActiveRecord: 0.0ms)


Started GET "/" for 127.0.0.1 at 2016-06-20 00:02:16 -0700
Processing by Rails::WelcomeController#index as HTML
  Parameters: {"internal"=>true}
  Rendering /home/cikai/.rvm/gems/ruby-2.3.0/gems/railties-5.0.0.rc1/lib/rails/templates/rails/welcome/index.html.erb
  Rendered /home/cikai/.rvm/gems/ruby-2.3.0/gems/railties-5.0.0.rc1/lib/rails/templates/rails/welcome/index.html.erb (12.8ms)
Completed 200 OK in 24ms (Views: 22.2ms | ActiveRecord: 0.0ms)


Started GET "/" for 127.0.0.1 at 2016-06-20 00:02:16 -0700
Processing by Rails::WelcomeController#index as HTML
  Parameters: {"internal"=>true}
  Rendering /home/cikai/.rvm/gems/ruby-2.3.0/gems/railties-5.0.0.rc1/lib/rails/templates/rails/welcome/index.html.erb
  Rendered /home/cikai/.rvm/gems/ruby-2.3.0/gems/railties-5.0.0.rc1/lib/rails/templates/rails/welcome/index.html.erb (9.7ms)
Completed 200 OK in 21ms (Views: 17.0ms | ActiveRecord: 0.0ms)


Started GET "/" for 127.0.0.1 at 2016-06-20 00:02:16 -0700
Processing by Rails::WelcomeController#index as HTML
  Parameters: {"internal"=>true}
  Rendering /home/cikai/.rvm/gems/ruby-2.3.0/gems/railties-5.0.0.rc1/lib/rails/templates/rails/welcome/index.html.erb
  Rendered /home/cikai/.rvm/gems/ruby-2.3.0/gems/railties-5.0.0.rc1/lib/rails/templates/rails/welcome/index.html.erb (6.9ms)
Completed 200 OK in 14ms (Views: 12.6ms | ActiveRecord: 0.0ms)


Started GET "/" for 127.0.0.1 at 2016-06-20 00:29:07 -0700
Processing by Rails::WelcomeController#index as HTML
  Parameters: {"internal"=>true}
  Rendering /home/cikai/.rvm/gems/ruby-2.3.0/gems/railties-5.0.0.rc1/lib/rails/templates/rails/welcome/index.html.erb
  Rendered /home/cikai/.rvm/gems/ruby-2.3.0/gems/railties-5.0.0.rc1/lib/rails/templates/rails/welcome/index.html.erb (4.9ms)
Completed 200 OK in 18ms (Views: 9.9ms | ActiveRecord: 0.0ms)


